<?xml version="1.0" encoding="UTF-8" ?>
<testsuite failures="0" time="1.474" errors="0" skipped="0" tests="13" name="work.sample.codingpuzzle.TestPuzzle">
  <properties>
    <property name="java.runtime.name" value="Java(TM) SE Runtime Environment"/>
    <property name="sun.boot.library.path" value="/usr/lib/jvm/java-7-oracle/jre/lib/i386"/>
    <property name="java.vm.version" value="24.55-b03"/>
    <property name="java.vm.vendor" value="Oracle Corporation"/>
    <property name="java.vendor.url" value="http://java.oracle.com/"/>
    <property name="path.separator" value=":"/>
    <property name="java.vm.name" value="Java HotSpot(TM) Server VM"/>
    <property name="file.encoding.pkg" value="sun.io"/>
    <property name="user.country" value="US"/>
    <property name="sun.java.launcher" value="SUN_STANDARD"/>
    <property name="sun.os.patch.level" value="unknown"/>
    <property name="java.vm.specification.name" value="Java Virtual Machine Specification"/>
    <property name="user.dir" value="/home/hduser/workspace/ACodingPuzzle"/>
    <property name="java.runtime.version" value="1.7.0_55-b13"/>
    <property name="java.awt.graphicsenv" value="sun.awt.X11GraphicsEnvironment"/>
    <property name="basedir" value="/home/hduser/workspace/ACodingPuzzle"/>
    <property name="java.endorsed.dirs" value="/usr/lib/jvm/java-7-oracle/jre/lib/endorsed"/>
    <property name="os.arch" value="i386"/>
    <property name="surefire.real.class.path" value="/tmp/surefirebooter7603492517877525351.jar"/>
    <property name="java.io.tmpdir" value="/tmp"/>
    <property name="line.separator" value="
"/>
    <property name="java.vm.specification.vendor" value="Oracle Corporation"/>
    <property name="os.name" value="Linux"/>
    <property name="sun.jnu.encoding" value="UTF-8"/>
    <property name="java.library.path" value="/usr/java/packages/lib/i386:/lib:/usr/lib"/>
    <property name="surefire.test.class.path" value="/home/hduser/workspace/ACodingPuzzle/target/test-classes:/home/hduser/workspace/ACodingPuzzle/target/classes:/home/hduser/.m2/repository/junit/junit/4.11/junit-4.11.jar:/home/hduser/.m2/repository/org/hamcrest/hamcrest-core/1.3/hamcrest-core-1.3.jar:"/>
    <property name="java.specification.name" value="Java Platform API Specification"/>
    <property name="java.class.version" value="51.0"/>
    <property name="sun.management.compiler" value="HotSpot Tiered Compilers"/>
    <property name="os.version" value="2.6.32-58-generic"/>
    <property name="user.home" value="/home/hduser"/>
    <property name="user.timezone" value=""/>
    <property name="java.awt.printerjob" value="sun.print.PSPrinterJob"/>
    <property name="file.encoding" value="UTF-8"/>
    <property name="java.specification.version" value="1.7"/>
    <property name="user.name" value="hduser"/>
    <property name="java.class.path" value="/home/hduser/workspace/ACodingPuzzle/target/test-classes:/home/hduser/workspace/ACodingPuzzle/target/classes:/home/hduser/.m2/repository/junit/junit/4.11/junit-4.11.jar:/home/hduser/.m2/repository/org/hamcrest/hamcrest-core/1.3/hamcrest-core-1.3.jar:"/>
    <property name="java.vm.specification.version" value="1.7"/>
    <property name="sun.arch.data.model" value="32"/>
    <property name="java.home" value="/usr/lib/jvm/java-7-oracle/jre"/>
    <property name="sun.java.command" value="/tmp/surefirebooter7603492517877525351.jar /tmp/surefire3178828790717536119tmp /tmp/surefire1239035542926967293tmp"/>
    <property name="java.specification.vendor" value="Oracle Corporation"/>
    <property name="user.language" value="en"/>
    <property name="awt.toolkit" value="sun.awt.X11.XToolkit"/>
    <property name="java.vm.info" value="mixed mode"/>
    <property name="java.version" value="1.7.0_55"/>
    <property name="java.ext.dirs" value="/usr/lib/jvm/java-7-oracle/jre/lib/ext:/usr/java/packages/lib/ext"/>
    <property name="sun.boot.class.path" value="/usr/lib/jvm/java-7-oracle/jre/lib/resources.jar:/usr/lib/jvm/java-7-oracle/jre/lib/rt.jar:/usr/lib/jvm/java-7-oracle/jre/lib/sunrsasign.jar:/usr/lib/jvm/java-7-oracle/jre/lib/jsse.jar:/usr/lib/jvm/java-7-oracle/jre/lib/jce.jar:/usr/lib/jvm/java-7-oracle/jre/lib/charsets.jar:/usr/lib/jvm/java-7-oracle/jre/lib/jfr.jar:/usr/lib/jvm/java-7-oracle/jre/classes"/>
    <property name="java.vendor" value="Oracle Corporation"/>
    <property name="localRepository" value="/home/hduser/.m2/repository"/>
    <property name="file.separator" value="/"/>
    <property name="java.vendor.url.bug" value="http://bugreport.sun.com/bugreport/"/>
    <property name="sun.cpu.endian" value="little"/>
    <property name="sun.io.unicode.encoding" value="UnicodeLittle"/>
    <property name="sun.desktop" value="gnome"/>
    <property name="sun.cpu.isalist" value=""/>
  </properties>
  <testcase time="0.699" classname="work.sample.codingpuzzle.TestPuzzle" name="testCase6"/>
  <testcase time="0" classname="work.sample.codingpuzzle.TestPuzzle" name="testCase7"/>
  <testcase time="0.001" classname="work.sample.codingpuzzle.TestPuzzle" name="testCase8"/>
  <testcase time="0.001" classname="work.sample.codingpuzzle.TestPuzzle" name="testCase1a"/>
  <testcase time="0.001" classname="work.sample.codingpuzzle.TestPuzzle" name="testCase1b"/>
  <testcase time="0.001" classname="work.sample.codingpuzzle.TestPuzzle" name="testCase2a"/>
  <testcase time="0" classname="work.sample.codingpuzzle.TestPuzzle" name="testCase2b"/>
  <testcase time="0" classname="work.sample.codingpuzzle.TestPuzzle" name="testCase3a"/>
  <testcase time="0" classname="work.sample.codingpuzzle.TestPuzzle" name="testCase3b"/>
  <testcase time="0" classname="work.sample.codingpuzzle.TestPuzzle" name="testCase4a"/>
  <testcase time="0" classname="work.sample.codingpuzzle.TestPuzzle" name="testCase4b"/>
  <testcase time="0.001" classname="work.sample.codingpuzzle.TestPuzzle" name="testCase5a"/>
  <testcase time="0.001" classname="work.sample.codingpuzzle.TestPuzzle" name="testCase5b"/>
</testsuite>